C51 COMPILER V9.54   STARTINTERFACE                                                        07/10/2019 23:37:24 PAGE 1   


C51 COMPILER V9.54, COMPILATION OF MODULE STARTINTERFACE
OBJECT MODULE PLACED IN .\OutPut\startInterface.obj
COMPILER INVOKED BY: D:\Keil_v5\C51\BIN\C51.EXE Source\other\startInterface.c LARGE OPTIMIZE(8,SIZE) BROWSE DEBUG OBJECT
                    -EXTEND PRINT(.\OutPut\startInterface.lst) OBJECT(.\OutPut\startInterface.obj)

line level    source

   1          #include <IAP15W4K61S4.h>
   2          
   3          typedef unsigned char uChar8;
   4          
   5          /**************************************定义全局变量*******************************************************
             -****************/     
   6          uChar8 code start[] =  //开始界面
   7          {
   8          0x00,0x00,0x00,0x00,0x00,0x00,0x00,0x00,0x00,0x00,0x00,0x00,0x00,0x00,0x00,0x00,
   9          0x00,0x00,0x00,0x00,0x00,0x00,0x00,0x00,0x00,0x00,0x00,0x00,0x00,0x00,0x00,0x00,
  10          0x00,0x00,0x00,0x00,0x00,0x00,0x00,0x00,0x00,0x00,0x00,0x00,0x00,0x00,0x00,0x00,
  11          0x00,0x00,0x00,0x00,0x00,0x00,0x00,0x00,0x00,0x00,0x00,0x00,0x00,0x00,0x00,0x00,
  12          0x00,0x00,0x00,0x00,0x00,0x00,0x00,0x00,0x00,0x00,0x00,0x00,0x00,0x00,0x00,0x00,
  13          0x00,0x00,0x00,0x00,0x00,0x00,0x00,0x00,0x00,0x00,0x00,0x00,0x00,0x00,0x00,0x00,
  14          0x00,0x01,0xFE,0x00,0x00,0x00,0x00,0x00,0x00,0x00,0x00,0x00,0x00,0x00,0x00,0x00,
  15          0x00,0x01,0xFF,0xFF,0xFF,0xFF,0xFF,0xFF,0xFF,0x80,0x00,0x00,0x10,0x00,0x00,0x00,
  16          0x00,0x01,0xFF,0xFF,0xFF,0xFF,0xFF,0xFF,0xFF,0x80,0x07,0xFE,0x10,0x80,0x00,0x00,
  17          0x00,0x01,0xCF,0xFF,0xFF,0xFF,0xFF,0xFF,0xFF,0x80,0x01,0x10,0x10,0x90,0x00,0x00,
  18          0x00,0x01,0xC0,0x00,0x00,0x00,0x00,0x00,0x03,0x80,0x01,0x10,0x7D,0x10,0x00,0x00,
  19          0x00,0x01,0xC0,0x00,0x00,0x00,0x00,0x00,0x03,0x80,0x01,0x10,0x11,0x38,0x00,0x00,
  20          0x00,0x01,0xC0,0x00,0x00,0x00,0x00,0x00,0x03,0x80,0x01,0x10,0x25,0xC8,0x00,0x00,
  21          0x00,0x01,0xC0,0x00,0x00,0x00,0x00,0x00,0x03,0x80,0x0F,0xFE,0x24,0x00,0x00,0x00,
  22          0x00,0x01,0xC0,0x00,0x00,0x00,0x00,0x00,0x03,0x80,0x01,0x10,0x25,0xF8,0x00,0x00,
  23          0x00,0x01,0xC0,0x00,0x00,0x00,0x00,0x00,0x03,0x80,0x01,0x10,0x19,0x08,0x00,0x00,
  24          0x00,0x01,0xC0,0x00,0x00,0x00,0x00,0x00,0x03,0x80,0x01,0x10,0x09,0x08,0x00,0x00,
  25          0x00,0x01,0xC0,0x00,0x00,0x00,0x00,0x00,0x03,0x80,0x02,0x10,0x15,0xF8,0x00,0x00,
  26          0x00,0x01,0xC0,0x1F,0xC0,0x00,0x0F,0xE0,0x03,0x80,0x04,0x10,0x23,0x08,0x00,0x00,
  27          0x00,0x01,0xC0,0x1F,0xC0,0x00,0x0F,0xE0,0x03,0x80,0x00,0x00,0x00,0x00,0x00,0x00,
  28          0x00,0x01,0xC0,0x1F,0xC0,0x00,0x0F,0xE0,0x03,0x80,0x00,0x00,0x00,0x00,0x00,0x00,
  29          0x00,0x01,0xC0,0x1F,0xC0,0x00,0x0F,0xE0,0x03,0x80,0x00,0x00,0x00,0x00,0x00,0x00,
  30          0x00,0x01,0xC0,0x1F,0xC0,0x00,0x0F,0xE0,0x03,0x80,0x00,0x00,0x00,0x00,0x00,0x00,
  31          0x00,0x01,0xC0,0x1F,0xC0,0x00,0x0F,0xE0,0x03,0x80,0x00,0x00,0x00,0x00,0x00,0x00,
  32          0x00,0x01,0xC0,0x1F,0xC0,0x00,0x0F,0xE0,0x03,0x80,0x00,0x00,0x00,0x00,0x00,0x00,
  33          0x00,0x01,0xC0,0x00,0x00,0x00,0x00,0x00,0x03,0x80,0x04,0xFC,0x01,0x00,0x00,0x00,
  34          0x00,0x01,0xC0,0x00,0x00,0x00,0x00,0x00,0x03,0x80,0x04,0x84,0x01,0x00,0x00,0x00,
  35          0x00,0x01,0xC0,0x00,0x00,0x00,0x00,0x00,0x03,0x80,0x00,0xFC,0x11,0x10,0x00,0x00,
  36          0x00,0x01,0xC0,0x00,0x00,0x00,0x00,0x00,0x03,0x80,0x00,0x84,0x11,0x10,0x00,0x00,
  37          0x00,0x01,0xC0,0x00,0x00,0x00,0x00,0x00,0x03,0x80,0x0C,0xFC,0x1F,0xF0,0x00,0x00,
  38          0x00,0x01,0xC0,0x00,0x00,0x00,0x00,0x00,0x03,0x80,0x04,0xA0,0x01,0x00,0x00,0x00,
  39          0x00,0x01,0xC0,0x00,0x00,0x00,0x00,0x00,0x03,0x80,0x04,0x94,0x01,0x00,0x00,0x00,
  40          0x00,0x01,0xE0,0x00,0x00,0x00,0x00,0x00,0x03,0x80,0x04,0xA8,0x11,0x10,0x00,0x00,
  41          0x00,0x01,0xE0,0x00,0x00,0x00,0x00,0x00,0x03,0x80,0x04,0xC4,0x11,0x10,0x00,0x00,
  42          0x00,0x01,0xE0,0x00,0x00,0x00,0x00,0x00,0x03,0x80,0x0F,0x00,0x11,0x10,0x00,0x00,
  43          0x00,0x00,0xE0,0x00,0x00,0xFC,0x00,0x00,0x03,0x80,0x09,0xFE,0x1F,0xF0,0x00,0x00,
  44          0x00,0x00,0xE0,0x00,0x00,0xFE,0x00,0x00,0x03,0x80,0x00,0x00,0x00,0x00,0x00,0x00,
  45          0x00,0x00,0xE0,0x00,0x03,0xFE,0x00,0x00,0x03,0x80,0x00,0x00,0x00,0x00,0x00,0x00,
  46          0x00,0x00,0xE0,0x00,0x03,0xFE,0x00,0x00,0x03,0x80,0x00,0x00,0x00,0x00,0x00,0x00,
  47          0x00,0x00,0xE0,0x00,0x03,0xFE,0x00,0x00,0x03,0x80,0x00,0x00,0x00,0x00,0x00,0x00,
  48          0x00,0x00,0xE0,0x00,0x01,0xFE,0x00,0x00,0x03,0x80,0x00,0x00,0x00,0x00,0x00,0x00,
  49          0x00,0x00,0xE0,0x00,0x01,0xFE,0x00,0x00,0x03,0x80,0x00,0x00,0x00,0x00,0x00,0x00,
  50          0x00,0x00,0xE0,0x00,0x00,0x00,0x00,0x00,0x03,0x80,0x00,0x00,0x00,0x00,0x00,0x00,
  51          0x00,0x00,0xF0,0x00,0x00,0x00,0x00,0x00,0x03,0x80,0x01,0xC2,0x23,0x80,0x00,0x00,
  52          0x00,0x00,0xF0,0x00,0x00,0x00,0x00,0x00,0x03,0x80,0x02,0x22,0x24,0x40,0x00,0x00,
  53          0x00,0x00,0xF0,0x00,0x00,0x00,0x00,0x00,0x03,0x80,0x05,0xA2,0x24,0x00,0x00,0x00,
C51 COMPILER V9.54   STARTINTERFACE                                                        07/10/2019 23:37:24 PAGE 2   

  54          0x00,0x00,0x70,0x00,0x00,0x00,0x00,0x00,0x03,0x80,0x05,0x62,0x22,0x00,0x00,0x00,
  55          0x00,0x00,0x7F,0xFF,0xFF,0xF8,0x00,0x00,0x03,0x80,0x06,0x22,0x21,0x00,0x00,0x00,
  56          0x00,0x00,0x7F,0xFF,0xFF,0xFF,0xFF,0xFF,0x83,0x80,0x06,0xE2,0x20,0x80,0x00,0x00,
  57          0x00,0x00,0x7F,0xFF,0xFF,0xFF,0xFF,0xFF,0xFF,0x80,0x05,0x42,0x20,0x40,0x00,0x00,
  58          0x00,0x00,0x00,0x00,0x00,0x3F,0xFF,0xFF,0xFF,0x80,0x04,0x22,0x64,0x40,0x00,0x00,
  59          0x00,0x00,0x00,0x00,0x00,0x00,0x00,0x03,0xFF,0x80,0x03,0xC1,0xC3,0x80,0x00,0x00,
  60          0x00,0x00,0x00,0x00,0x00,0x00,0x00,0x00,0x00,0x00,0x00,0x00,0x00,0x00,0x00,0x00,
  61          0x00,0x00,0x00,0x00,0x00,0x00,0x00,0x00,0x00,0x00,0x00,0x00,0x00,0x00,0x00,0x00,
  62          0x00,0x00,0x00,0x00,0x00,0x00,0x00,0x00,0x00,0x00,0x00,0x00,0x00,0x00,0x00,0x00,
  63          0x00,0x00,0x00,0x00,0x00,0x00,0x00,0x00,0x00,0x00,0x00,0x00,0x00,0x00,0x00,0x00,
  64          0x00,0x00,0x00,0x00,0x00,0x00,0x00,0x00,0x00,0x00,0x00,0x00,0x00,0x00,0x00,0x00,
  65          0x00,0x00,0x00,0x00,0x00,0x00,0x00,0x00,0x00,0x00,0x00,0x00,0x00,0x00,0x00,0x00,
  66          0x00,0x00,0x00,0x00,0x00,0x00,0x00,0x00,0x00,0x00,0x00,0x00,0x00,0x00,0x00,0x00,
  67          0x00,0x00,0x00,0x00,0x00,0x00,0x00,0x00,0x00,0x00,0x00,0x00,0x00,0x00,0x00,0x00,
  68          0x00,0x00,0x00,0x00,0x00,0x00,0x00,0x00,0x00,0x00,0x00,0x00,0x00,0x00,0x00,0x00,
  69          0x00,0x00,0x00,0x00,0x00,0x00,0x00,0x00,0x00,0x00,0x00,0x00,0x00,0x00,0x00,0x00,
  70          0x00,0x00,0x00,0x00,0x00,0x00,0x00,0x00,0x00,0x00,0x00,0x00,0x00,0x00,0x00,0x00,
  71          0x00,0x00,0x00,0x00,0x00,0x00,0x00,0x00,0x00,0x00,0x00,0x00,0x00,0x00,0x00,0x00,
  72          };
  73          
  74          /**************************************定义外部函数接口***************************************************
             -*********************/
  75          extern void LCD12864ShowString(uChar8 x, uChar8 y, uChar8* str);  //显示字符串
  76          extern void img_disp(uChar8 code *img);  //画像素图
  77          extern void img_clear(void);             //清屏
  78          extern void img_line_start1(void);       //画下“开始”处的下划线
  79          extern void img_underLine(uChar8 k);     //游戏界面下划线管理
  80          extern int time;                         //时间
  81          extern int grade;                        //得分
  82          
  83          /**************************************函数声明***********************************************************
             -********************/
  84          void startInterface(void);               //开始界面
  85          void gameInterface(void);                //游戏界面
  86          void studentInterface(void);             //信息界面
  87                          
  88          void startInterface(void)                //开始界面
  89          {
  90   1              img_disp(start);
  91   1              img_line_start1();
  92   1              grade = 0;
  93   1              time = 100;
  94   1      }
  95          
  96          void gameInterface(void)                 //游戏界面
  97          {
  98   1              uChar8 tab1[] = "猜字游戏";
  99   1              uChar8 tab2[] = "    0 0 0 0 0";
 100   1              uChar8 tab3[] = "倒计时: 100";
 101   1              uChar8 tab4[] = "得分: 00";
 102   1              img_clear();                         //清屏
 103   1              LCD12864ShowString(2, 0, tab1);
 104   1              LCD12864ShowString(0, 1, tab2);
 105   1              LCD12864ShowString(1, 2, tab3);
 106   1              LCD12864ShowString(2, 3, tab4);
 107   1              IE2 |= 0x04;                         //打开定时器2
 108   1              img_underLine(2);                    //画初始下滑线
 109   1      }
 110          
 111          void studentInterface(void)              //信息界面
 112          {
 113   1              uChar8 tab1[] = "况丽";
C51 COMPILER V9.54   STARTINTERFACE                                                        07/10/2019 23:37:24 PAGE 3   

 114   1              uChar8 tab2[] = "3162052051731";
 115   1              uChar8 tab3[] = "余东";
 116   1              uChar8 tab4[] = "3162052051432";
 117   1              img_clear();                         //清屏
 118   1              LCD12864ShowString(0, 0, tab1);
 119   1              LCD12864ShowString(0, 1, tab2);
 120   1              LCD12864ShowString(0, 2, tab3);
 121   1              LCD12864ShowString(0, 3, tab4);
 122   1      }


MODULE INFORMATION:   STATIC OVERLAYABLE
   CODE SIZE        =    295    ----
   CONSTANT SIZE    =   1106    ----
   XDATA SIZE       =   ----      82
   PDATA SIZE       =   ----    ----
   DATA SIZE        =   ----    ----
   IDATA SIZE       =   ----    ----
   BIT SIZE         =   ----    ----
END OF MODULE INFORMATION.


C51 COMPILATION COMPLETE.  0 WARNING(S),  0 ERROR(S)
