C51 COMPILER V9.54   TIMEX                                                                 07/08/2019 13:34:12 PAGE 1   


C51 COMPILER V9.54, COMPILATION OF MODULE TIMEX
OBJECT MODULE PLACED IN .\OutPut\timeX.obj
COMPILER INVOKED BY: D:\Keil_v5\C51\BIN\C51.EXE Source\other\timeX.c LARGE OPTIMIZE(8,SIZE) BROWSE DEBUG OBJECTEXTEND PR
                    -INT(.\OutPut\timeX.lst) OBJECT(.\OutPut\timeX.obj)

line level    source

   1          #include <IAP15W4K61S4.h>
   2          #include <stdio.h>
   3          
   4          /**************************************定义全局变量*******************************************************
             -*************/        
   5          sbit LED = P5^5;          //LED灯
   6          unsigned int count = 0;   //计数器
   7          int time = 100;           //倒计时初始时间
   8          
   9          struct {                  //定时器结构体
  10              unsigned char TH;
  11              unsigned char TL;
  12          }Timer0, Timer1;
  13          
  14          /**************************************定义外部函数接口***************************************************
             -*********************/
  15          extern void LCD12864ShowString(unsigned char x, unsigned char y, unsigned char* str); //第y行第x列，开始打
             -印str
  16          extern void LCD12864EraseArea(unsigned char x, unsigned char y, unsigned char size);  //从第y行第x列开始，
             -删除size字符
  17          extern void keyScanner(void);                                                         //按键扫描
  18          
  19          void display(void); //倒计时函数
  20          
  21          
  22          //系统时钟time0配置
  23          void configureTimer0(void) reentrant
  24          {
  25   1          TMOD &= 0xF0;
  26   1              TMOD |= 0x01;   //定时器0：模式1(16位定时器)，仅受TR0控制；定时器1：波特率发生器
  27   1      //  TH0 = 0xDC;     //定义Tick=100次/秒(即0.01秒/次),TH,TL值与CPU的频率有关(11.0592M)
  28   1      //  TL0 = 0x00;         //OS_CPU_C.C中定时器中断响应也要设置，OS_CFG.H中OS_TICKS_PER_SEC也有关系
  29   1          TR0  = 1;           //必须启动
  30   1      }
  31          
  32          //定时器1配置
  33          void configureTimer1(unsigned char ms)
  34          {
  35   1          unsigned long timer = 11059200 / 12;
  36   1          timer = timer * ms / 1000;
  37   1          timer = 65536 - timer;
  38   1          TH1 = (unsigned char)(timer >> 8);
  39   1          TL1 = (unsigned char)timer;
  40   1          Timer1.TH = TH1;
  41   1          Timer1.TL = TL1;
  42   1          TMOD &= 0xF0;
  43   1          TMOD |= 0x01;
  44   1          ET1 = 1;
  45   1          TR1 = 1;
  46   1      }
  47          
  48          //定时器1中断
  49          void TimerCounter_1 (void) interrupt 3 
  50          { 
C51 COMPILER V9.54   TIMEX                                                                 07/08/2019 13:34:12 PAGE 2   

  51   1              //OSIntEnter();
  52   1              count++;
  53   1          TH1 = Timer1.TH;
  54   1          TL1 = Timer1.TL;
  55   1              keyScanner();
  56   1              if(count == 1000)
  57   1              {
  58   2                      LED = !LED;
  59   2                      count = 0;
  60   2              }
  61   1              //OSIntEnter();
  62   1      }
  63          
  64          void display()
  65          {
  66   1              unsigned char str[20];
  67   1              sprintf(str, "倒计时: %d", time--);
  68   1              LCD12864EraseArea(0, 2, 20);
  69   1              LCD12864ShowString(1, 2, str);
  70   1              if(time == -1)
  71   1              {
  72   2                      sprintf(str, "游戏结束");
  73   2                      LCD12864EraseArea(0, 1, 20);
  74   2                      LCD12864ShowString(2, 1, str);
  75   2              }
  76   1      }


MODULE INFORMATION:   STATIC OVERLAYABLE
   CODE SIZE        =    338    ----
   CONSTANT SIZE    =     20    ----
   XDATA SIZE       =      8      24
   PDATA SIZE       =   ----    ----
   DATA SIZE        =   ----    ----
   IDATA SIZE       =   ----    ----
   BIT SIZE         =   ----    ----
END OF MODULE INFORMATION.


C51 COMPILATION COMPLETE.  0 WARNING(S),  0 ERROR(S)
